9lbbff e75fqb9 e75j9er e75n5cg e75t519 e75xytg e75qy5i e75yvqc e75onm1 e76abvm e75nupx e75qiog e76111l e75reyc e75e753 e75ebup e75n1s3 e75ofpw e75txsh e76jqqu e76cist e75p73l e7679x7 e75d29c e75fzeq e75hig4 e75ii94 e7664q7 e75iol6 e75zecz e76ce3z e75n5yz e75y41v e75lnhq e76nxwn e75lswc e75uhvc e75y218 e75i0up e75n8ru e75lmd8 e75w8xu e75hkx8 e75k2b0 e75km7x e76b0py e76hw7g e76texs e75h5tz e75jmxo e75gj1m e75o8b8 e75r96r e75ww8e e75eif4 e75ki8n e75nbhx e765y66 e76f6ok e75gyfk e75ip2p e75kbr1 e75boil e75hpw6 e75lf9x e75m6yp e75obkj e75k1wk e75ktrv e75ku9t e75lfld e75m4hr e75gtex e75od46 e75kxg8 e75gqy8 e75hv1q e75ncwt e75ih8e e75iyod e75jzw4 e75kf15 e75kq2p e75mi32 e75neph e75nnvr e75qgi5 e75uhtp e76sgb4 e75kue9 e75jlgw e75jovj e75js4t e75jy33 e75k8z4 e75l4ny e75lpxr e75mvnk e75o0rn e75okdq e75otxg e75ovvv e75pkyh e75q02d e75qeja e75qerb e75qm74 e75qzs5 e75r96g e75rbcf e75rem6 e75si0o e75t917 e75vbgq e75vtld e75vvxa e75w1fy e75xnen e75xr8b e75y2xg e75z38t e75z3ja e75zike e75zydm e761372 e7624zh e762lwm e762rgc e763jdo e767loh e768hev e7692oi e769eou e769l8u e76ar3m e76cewk e76ewtc e76ft95 e76i6be e75rr6y e75jfpr e75uj3s e75wbyw e75m7fn e75ojvl e75vdvb
46050 0
1933 0
737 0
239 0
65 0
10 0
8 0
1 0
19 0
1 0
9 0
4 0
3 0
3 0
969 0
577 0
130 0
30 0
16 0
1 0
6 0
24 0
3 0
863 0
401 0
280 0
79 0
4 0
54 0
17 0
4 0
4 0
3 0
5 0
1 0
9 0
6 0
3 0
13 0
3 0
4 0
3 0
15 0
10 0
112 0
20 0
4 0
1 0
57 0
47 0
78 0
14 0
7 0
4 0
119 0
54 0
19 0
3 0
2 0
12 0
13 0
38 0
18 0
7 0
6 0
6 0
6 0
6 0
15 0
9 0
3 0
5 0
5 0
5 0
3 0
2 0
3 0
1 0
2 0
2 0
2 0
2 0
2 0
2 0
2 0
2 0
2 0
2 0
2 0
4 0
1 0
1 0
1 0
1 0
1 0
1 0
1 0
1 0
1 0
1 0
1 0
1 0
1 0
1 0
3 0
2 0
1 0
1 0
1 0
1 0
1 0
1 0
1 0
1 0
1 0
1 0
1 0
1 0
1 0
1 0
1 0
1 0
1 0
1 0
1 0
1 0
1 0
1 0
1 0
1 0
1 0
1 0
1 0
1 0
1 0
1 0
1 0
1 0
1 0
1 0
3 0
3 0
1 0
0 0
0 0
0 0
CDBaller 5
Krennix_Garrison 3
47KiNG47 2
CrankyPupper96 2
Tomgall 2
brokenheelsucks 2
morejpeg_auto 2
samwaise 2
thatdudewillyd 2
xXx_IronicDabs_xXx 2
-General__Reposti- 1
A-long-sleeve 1
Alfitron 1
AlphaTheJob 1
Ancient_Aliens_Guy 1
Arbi990 1
AromaticTicket 1
Artistocat1 1
AssassinTaxi 1
Babayaga20000 1
BeatJirenMyOwnWay 1
Bimbiau 1
BongusWeirdo 1
Calebfrisby 1
De-Hond 1
DeltaCrops 1
DevaPath_Winchester 1
Doltergeist 1
EpicTShirt 1
EronMusk 1
GaebRush 1
Gargamelle_the_wise 1
Geperdy 1
IHateNaziPuns 1
IS_THAT_ICE_CREAM 1
I_Love_BB8 1
Imgeneparmesian 1
IsThisNameValid 1
Javyz 1
JazzyAces808 1
JediMasterImagundi 1
JerenAsiani 1
JudahBurch 1
Khrysis_27 1
Lenin321 1
Lokyyo 1
LordKhaaaan 1
LuckyCoveralls 1
LurkingShadows2 1
Magic_Seal 1
ManGotCan 1
MinishTheKid 1
MisterPresidented 1
MopedsRCool 1
MortalDanger00 1
NS77X 1
NoliteTimere 1
Nuggetry 1
Obito_GF 1
PMMeTitsAndKittens 1
Pain-au-ch0c0lat 1
PhatBitty862 1
Pille1842 1
PurelyCreative 1
Pwaum 1
Raven_Nevermore131 1
Russian_repost_bot 1
RyeDoge 1
Saltytimr 1
SarcasticAce 1
SentientSpaghetti 1
Sheldonjohnson89 1
SigmaSyphus 1
SimplebutAwesome 1
SmoothRide 1
SpecificZod 1
SugioSnoipar 1
TheDanquah 1
TheMachine71 1
TheUnaverageJoe 1
The_Irish_Jet 1
Tsorovar 1
Withinmyrange 1
Yujiri 1
Yunsar 1
_jvc123 1
arup02 1
barcholomew 1
barwhalis 1
basehitwinsit 1
brianfallen97 1
buttonmasher525 1
cReidsMyth 1
captwafflepants 1
chawmindur 1
corectlyspelled 1
deluxeboxes 1
dionthesocialist 1
dougm68 1
eggonsnow 1
gr8gh0st 1
hasrock36 1
heinzii 1
hithere297 1
hoodatninja 1
jayt1203 1
jdgoldfine 1
judgeJuryxecutioner 1
kiwidude4 1
laaerpig 1
linuxlover3000 1
lordofslam 1
lordolxinator 1
mfa_sammerz 1
mh13570 1
mrgann 1
never_listens 1
onmondale 1
pachydermusrex 1
peaceundivided 1
redsec317 1
rocket_raccon 1
sebool112 1
shiny_lustrous_poo 1
space_cadet_AZ 1
stormtroopr1977 1
subwayterminal9 1
thatguy99998 1
tylercoon 1
wslmllr 1
xwedodah_is_wincest 1
zbeaman 1
